# JRE version: Java(TM) SE Runtime Environment (8.0_171-b11) (build 1.8.0_171-b11)
# Java VM: Java HotSpot(TM) Client VM (25.171-b11 mixed mode, sharing windows-x86 )
Heap:
 def new generation   total 4928K, used 3150K [0x03c00000, 0x04150000, 0x09150000)
  eden space 4416K,  59% used [0x03c00000, 0x03e93838, 0x04050000)
  from space 512K,  99% used [0x040d0000, 0x0414fff8, 0x04150000)
  to   space 512K,   0% used [0x04050000, 0x04050000, 0x040d0000)
 tenured generation   total 10944K, used 5587K [0x09150000, 0x09c00000, 0x13c00000)
   the space 10944K,  51% used [0x09150000, 0x096c4c08, 0x096c4e00, 0x09c00000)
 Metaspace       used 6884K, capacity 7086K, committed 7168K, reserved 7552K
GC Heap History (10 events):
Event: 0.750 GC heap before
{Heap before GC invocations=12 (full 0):
 def new generation   total 4928K, used 4928K [0x03c00000, 0x04150000, 0x09150000)
  eden space 4416K, 100% used [0x03c00000, 0x04050000, 0x04050000)
  from space 512K, 100% used [0x04050000, 0x040d0000, 0x040d0000)
  to   space 512K,   0% used [0x040d0000, 0x040d0000, 0x04150000)
 tenured generation   total 10944K, used 2939K [0x09150000, 0x09c00000, 0x13c00000)
   the space 10944K,  26% used [0x09150000, 0x0942ee28, 0x0942f000, 0x09c00000)
 Metaspace       used 3297K, capacity 4678K, committed 4736K, reserved 5504K
Event: 0.753 GC heap after
Heap after GC invocations=13 (full 0):
 def new generation   total 4928K, used 512K [0x03c00000, 0x04150000, 0x09150000)
  eden space 4416K,   0% used [0x03c00000, 0x03c00000, 0x04050000)
  from space 512K, 100% used [0x040d0000, 0x04150000, 0x04150000)
  to   space 512K,   0% used [0x04050000, 0x04050000, 0x040d0000)
 tenured generation   total 10944K, used 3620K [0x09150000, 0x09c00000, 0x13c00000)
   the space 10944K,  33% used [0x09150000, 0x094d9170, 0x094d9200, 0x09c00000)
 Metaspace       used 3297K, capacity 4678K, committed 4736K, reserved 5504K
}
Event: 0.898 GC heap before
{Heap before GC invocations=13 (full 0):
 def new generation   total 4928K, used 4928K [0x03c00000, 0x04150000, 0x09150000)
  eden space 4416K, 100% used [0x03c00000, 0x04050000, 0x04050000)
  from space 512K, 100% used [0x040d0000, 0x04150000, 0x04150000)
  to   space 512K,   0% used [0x04050000, 0x04050000, 0x040d0000)
 tenured generation   total 10944K, used 3620K [0x09150000, 0x09c00000, 0x13c00000)
   the space 10944K,  33% used [0x09150000, 0x094d9170, 0x094d9200, 0x09c00000)
 Metaspace       used 3811K, capacity 4998K, committed 5120K, reserved 5504K
Event: 0.902 GC heap after
Heap after GC invocations=14 (full 0):
 def new generation   total 4928K, used 512K [0x03c00000, 0x04150000, 0x09150000)
  eden space 4416K,   0% used [0x03c00000, 0x03c00000, 0x04050000)
  from space 512K, 100% used [0x04050000, 0x040d0000, 0x040d0000)
  to   space 512K,   0% used [0x040d0000, 0x040d0000, 0x04150000)
 tenured generation   total 10944K, used 4052K [0x09150000, 0x09c00000, 0x13c00000)
   the space 10944K,  37% used [0x09150000, 0x09545230, 0x09545400, 0x09c00000)
 Metaspace       used 3811K, capacity 4998K, committed 5120K, reserved 5504K
}
Event: 1.044 GC heap before
{Heap before GC invocations=14 (full 0):
 def new generation   total 4928K, used 4928K [0x03c00000, 0x04150000, 0x09150000)
  eden space 4416K, 100% used [0x03c00000, 0x04050000, 0x04050000)
  from space 512K, 100% used [0x04050000, 0x040d0000, 0x040d0000)
  to   space 512K,   0% used [0x040d0000, 0x040d0000, 0x04150000)
 tenured generation   total 10944K, used 4052K [0x09150000, 0x09c00000, 0x13c00000)
   the space 10944K,  37% used [0x09150000, 0x09545230, 0x09545400, 0x09c00000)
 Metaspace       used 5353K, capacity 5524K, committed 5632K, reserved 6528K
Event: 1.047 GC heap after
Heap after GC invocations=15 (full 0):
 def new generation   total 4928K, used 512K [0x03c00000, 0x04150000, 0x09150000)
  eden space 4416K,   0% used [0x03c00000, 0x03c00000, 0x04050000)
  from space 512K, 100% used [0x040d0000, 0x04150000, 0x04150000)
  to   space 512K,   0% used [0x04050000, 0x04050000, 0x040d0000)
 tenured generation   total 10944K, used 4564K [0x09150000, 0x09c00000, 0x13c00000)
   the space 10944K,  41% used [0x09150000, 0x095c53e0, 0x095c5400, 0x09c00000)
 Metaspace       used 5353K, capacity 5524K, committed 5632K, reserved 6528K
}
Event: 1.386 GC heap before
{Heap before GC invocations=15 (full 0):
 def new generation   total 4928K, used 4928K [0x03c00000, 0x04150000, 0x09150000)
  eden space 4416K, 100% used [0x03c00000, 0x04050000, 0x04050000)
  from space 512K, 100% used [0x040d0000, 0x04150000, 0x04150000)
  to   space 512K,   0% used [0x04050000, 0x04050000, 0x040d0000)
 tenured generation   total 10944K, used 4564K [0x09150000, 0x09c00000, 0x13c00000)
   the space 10944K,  41% used [0x09150000, 0x095c53e0, 0x095c5400, 0x09c00000)
 Metaspace       used 5840K, capacity 6012K, committed 6144K, reserved 6528K
Event: 1.389 GC heap after
Heap after GC invocations=16 (full 0):
 def new generation   total 4928K, used 512K [0x03c00000, 0x04150000, 0x09150000)
  eden space 4416K,   0% used [0x03c00000, 0x03c00000, 0x04050000)
  from space 512K, 100% used [0x04050000, 0x040d0000, 0x040d0000)
  to   space 512K,   0% used [0x040d0000, 0x040d0000, 0x04150000)
 tenured generation   total 10944K, used 4996K [0x09150000, 0x09c00000, 0x13c00000)
   the space 10944K,  45% used [0x09150000, 0x09631390, 0x09631400, 0x09c00000)
 Metaspace       used 5840K, capacity 6012K, committed 6144K, reserved 6528K
}
Event: 1.483 GC heap before
{Heap before GC invocations=16 (full 0):
 def new generation   total 4928K, used 4928K [0x03c00000, 0x04150000, 0x09150000)
  eden space 4416K, 100% used [0x03c00000, 0x04050000, 0x04050000)
  from space 512K, 100% used [0x04050000, 0x040d0000, 0x040d0000)
  to   space 512K,   0% used [0x040d0000, 0x040d0000, 0x04150000)
 tenured generation   total 10944K, used 4996K [0x09150000, 0x09c00000, 0x13c00000)
   the space 10944K,  45% used [0x09150000, 0x09631390, 0x09631400, 0x09c00000)
 Metaspace       used 6834K, capacity 7022K, committed 7168K, reserved 7552K
Event: 1.485 GC heap after
Heap after GC invocations=17 (full 0):
 def new generation   total 4928K, used 511K [0x03c00000, 0x04150000, 0x09150000)
  eden space 4416K,   0% used [0x03c00000, 0x03c00000, 0x04050000)
  from space 512K,  99% used [0x040d0000, 0x0414fff8, 0x04150000)
  to   space 512K,   0% used [0x04050000, 0x04050000, 0x040d0000)
 tenured generation   total 10944K, used 5587K [0x09150000, 0x09c00000, 0x13c00000)
   the space 10944K,  51% used [0x09150000, 0x096c4c08, 0x096c4e00, 0x09c00000)
 Metaspace       used 6834K, capacity 7022K, committed 7168K, reserved 7552K
}

